<?xml version="1.0" encoding="UTF-8"?>
<!-- Generated by org.testng.reporters.JUnitXMLReporter -->
<testsuite ignored="0" hostname="SPL1268" failures="1" tests="2" name="Cowin App Sanity Test Cases" time="24.785" errors="0" timestamp="2021-05-09T10:11:03 IST">
  <testcase classname="testcases.ValidLoginPageTest" name="loginTest" time="17.157"/>
  <testcase classname="testcases.ValidLoginPageTest" name="verifyTitle" time="3.94">
    <failure type="java.lang.AssertionError" message="expected [Co-WIN Applic11ation] but found [Co-WIN Application]">
      <![CDATA[java.lang.AssertionError: expected [Co-WIN Applic11ation] but found [Co-WIN Application]
at testcases.ValidLoginPageTest.verifyTitle(ValidLoginPageTest.java:103)
at java.base/java.util.ArrayList.forEach(ArrayList.java:1541)
... Removed 33 stack frames]]>
    </failure>
  </testcase> <!-- verifyTitle -->
</testsuite> <!-- Cowin App Sanity Test Cases -->
