<?xml version="1.0" encoding="UTF-8"?>
<!-- Generated by org.testng.reporters.JUnitXMLReporter -->
<testsuite ignored="0" hostname="SPL1268" failures="1" tests="2" name="Cowin App Sanity Test Cases" time="26.236" errors="0" timestamp="2021-05-09T12:14:59 IST">
  <testcase classname="testcases.ValidLoginPageTest" name="loginTest" time="12.622"/>
  <testcase classname="testcases.ValidLoginPageTest" name="verifyTitle" time="0.02">
    <failure type="java.lang.AssertionError" message="expected [Co-WIN Applic11ation] but found [Co-WIN Application]">
      <![CDATA[java.lang.AssertionError: expected [Co-WIN Applic11ation] but found [Co-WIN Application]
at testcases.ValidLoginPageTest.verifyTitle(ValidLoginPageTest.java:94)
at java.base/java.util.ArrayList.forEach(ArrayList.java:1541)
... Removed 34 stack frames]]>
    </failure>
  </testcase> <!-- verifyTitle -->
</testsuite> <!-- Cowin App Sanity Test Cases -->
